{"contracts/astrometerToken.sol":{"l":{"37":1,"38":1,"39":1,"40":1,"41":1,"42":1,"43":1,"44":1,"45":1,"46":1,"47":1,"48":1,"49":1,"50":1,"51":1,"53":1,"54":1,"55":1,"59":2,"63":13},"path":"/var/www/workout-token/contracts/astrometerToken.sol","s":{"1":1,"2":1,"3":1,"4":1,"5":1,"6":1,"7":1,"8":1,"9":1,"10":1,"11":1,"12":1,"13":1,"14":1,"15":1,"16":1,"17":2,"18":13},"b":{"1":[1,0],"2":[1,0],"3":[2,0]},"f":{"1":1,"2":2,"3":13},"fnMap":{"1":{"name":"startDistribution","line":36,"loc":{"start":{"line":36,"column":4},"end":{"line":56,"column":4}}},"2":{"name":"getDistributionStatus","line":58,"loc":{"start":{"line":58,"column":4},"end":{"line":60,"column":4}}},"3":{"name":"constructor","line":62,"loc":{"start":{"line":62,"column":4},"end":{"line":64,"column":4}}}},"statementMap":{"1":{"start":{"line":37,"column":8},"end":{"line":37,"column":74}},"2":{"start":{"line":38,"column":8},"end":{"line":38,"column":80}},"3":{"start":{"line":39,"column":8},"end":{"line":39,"column":80}},"4":{"start":{"line":40,"column":8},"end":{"line":40,"column":80}},"5":{"start":{"line":41,"column":8},"end":{"line":41,"column":74}},"6":{"start":{"line":42,"column":8},"end":{"line":42,"column":74}},"7":{"start":{"line":43,"column":8},"end":{"line":43,"column":80}},"8":{"start":{"line":44,"column":8},"end":{"line":44,"column":80}},"9":{"start":{"line":45,"column":8},"end":{"line":45,"column":80}},"10":{"start":{"line":46,"column":8},"end":{"line":46,"column":74}},"11":{"start":{"line":47,"column":8},"end":{"line":47,"column":74}},"12":{"start":{"line":48,"column":8},"end":{"line":48,"column":75}},"13":{"start":{"line":49,"column":8},"end":{"line":49,"column":75}},"14":{"start":{"line":50,"column":8},"end":{"line":50,"column":72}},"15":{"start":{"line":51,"column":8},"end":{"line":51,"column":73}},"16":{"start":{"line":55,"column":8},"end":{"line":55,"column":57}},"17":{"start":{"line":59,"column":8},"end":{"line":59,"column":48}},"18":{"start":{"line":63,"column":8},"end":{"line":63,"column":67}}},"branchMap":{"1":{"line":36,"type":"if","locations":[{"start":{"line":36,"column":33},"end":{"line":36,"column":33}},{"start":{"line":36,"column":33},"end":{"line":36,"column":33}}]},"2":{"line":37,"type":"if","locations":[{"start":{"line":37,"column":8},"end":{"line":37,"column":8}},{"start":{"line":37,"column":8},"end":{"line":37,"column":8}}]},"3":{"line":58,"type":"if","locations":[{"start":{"line":58,"column":49},"end":{"line":58,"column":49}},{"start":{"line":58,"column":49},"end":{"line":58,"column":49}}]}}},"contracts/owner.sol":{"l":{"53":13,"54":13,"55":13,"56":26,"67":7,"68":7,"73":19,"74":19,"78":5,"79":3,"81":2,"86":7,"87":4,"88":4,"91":3,"96":4,"97":4,"98":2,"101":2,"106":2,"107":2,"108":2,"115":3,"121":3,"125":2,"126":1,"128":1,"130":1,"131":1,"132":1,"133":1,"135":1,"140":4,"141":2,"142":1,"143":1,"144":1,"149":1,"151":1,"154":2,"160":3,"161":2,"162":1,"163":1,"164":2,"165":1,"166":1,"170":1,"173":1,"179":9,"180":7,"182":2,"183":3,"184":1,"187":1,"194":7,"195":5,"198":2,"199":1,"200":1,"204":1,"209":2,"210":2,"211":1,"212":1,"215":1,"220":1,"221":1,"226":2,"230":2,"231":2,"232":1,"233":1,"234":1,"237":2,"238":1,"240":1,"241":1,"246":1,"247":1,"248":1,"249":2,"250":2,"251":2,"252":2,"253":2,"254":2,"260":1},"path":"/var/www/workout-token/contracts/owner.sol","s":{"1":13,"2":13,"3":13,"4":26,"5":7,"6":19,"7":5,"8":3,"9":2,"10":7,"11":4,"12":4,"13":3,"14":4,"15":4,"16":2,"17":2,"18":2,"19":2,"20":3,"21":3,"22":2,"23":1,"24":1,"25":1,"26":4,"27":2,"28":1,"29":1,"30":1,"31":1,"32":1,"33":2,"34":3,"35":2,"36":1,"37":1,"38":2,"39":1,"40":1,"41":1,"42":9,"43":7,"44":2,"45":3,"46":1,"47":1,"48":7,"49":5,"50":2,"51":1,"52":1,"53":1,"54":2,"55":2,"56":1,"57":1,"58":1,"59":1,"60":1,"61":2,"62":2,"63":2,"64":1,"65":2,"66":1,"67":1,"68":1,"69":1,"70":1,"71":1,"72":2,"73":2,"74":2,"75":1},"b":{"1":[7,0],"2":[19,0],"3":[13,6],"4":[3,2],"5":[2,1],"6":[4,0],"7":[4,0],"8":[2,2],"9":[2,0],"10":[2,0],"11":[3,0],"12":[1,1],"13":[4,0],"14":[2,2],"15":[1,1],"16":[3,0],"17":[2,1],"18":[1,1],"19":[1,1],"20":[7,2],"21":[5,2],"22":[1,2],"23":[7,0],"24":[5,2],"25":[4,1],"26":[1,0],"27":[2,0],"28":[1,0],"29":[2,0],"30":[1,0],"31":[1,1],"32":[2,0]},"f":{"1":13,"2":7,"3":19,"4":5,"5":7,"6":4,"7":2,"8":3,"9":2,"10":4,"11":3,"12":9,"13":7,"14":2,"15":2,"16":1},"fnMap":{"1":{"name":"constructor","line":52,"loc":{"start":{"line":52,"column":4},"end":{"line":62,"column":4}}},"2":{"name":"isOwner","line":66,"loc":{"start":{"line":66,"column":4},"end":{"line":69,"column":4}}},"3":{"name":"isSuperOwner","line":72,"loc":{"start":{"line":72,"column":4},"end":{"line":75,"column":4}}},"4":{"name":"checkSuperOwner","line":77,"loc":{"start":{"line":77,"column":4},"end":{"line":82,"column":4}}},"5":{"name":"checkAddingAddress","line":85,"loc":{"start":{"line":85,"column":4},"end":{"line":92,"column":4}}},"6":{"name":"canConfirmAddress","line":95,"loc":{"start":{"line":95,"column":4},"end":{"line":102,"column":4}}},"7":{"name":"confirmAddress","line":105,"loc":{"start":{"line":105,"column":4},"end":{"line":111,"column":4}}},"8":{"name":"addConfirmation","line":114,"loc":{"start":{"line":114,"column":4},"end":{"line":122,"column":4}}},"9":{"name":"getWaitingConfirmationsList","line":124,"loc":{"start":{"line":124,"column":4},"end":{"line":136,"column":4}}},"10":{"name":"addAddress","line":139,"loc":{"start":{"line":139,"column":4},"end":{"line":156,"column":4}}},"11":{"name":"deleteAddress","line":159,"loc":{"start":{"line":159,"column":4},"end":{"line":175,"column":4}}},"12":{"name":"hasOwner","line":178,"loc":{"start":{"line":178,"column":4},"end":{"line":188,"column":4}}},"13":{"name":"hasRole","line":192,"loc":{"start":{"line":192,"column":4},"end":{"line":205,"column":4}}},"14":{"name":"addRole","line":208,"loc":{"start":{"line":208,"column":4},"end":{"line":222,"column":4}}},"15":{"name":"deleteRole","line":225,"loc":{"start":{"line":225,"column":4},"end":{"line":242,"column":4}}},"16":{"name":"showRoles","line":245,"loc":{"start":{"line":245,"column":4},"end":{"line":261,"column":4}}}},"statementMap":{"1":{"start":{"line":53,"column":8},"end":{"line":53,"column":68}},"2":{"start":{"line":54,"column":8},"end":{"line":54,"column":68}},"3":{"start":{"line":55,"column":8},"end":{"line":55,"column":1531}},"4":{"start":{"line":56,"column":12},"end":{"line":56,"column":1595}},"5":{"start":{"line":67,"column":8},"end":{"line":67,"column":114}},"6":{"start":{"line":73,"column":8},"end":{"line":73,"column":149}},"7":{"start":{"line":78,"column":8},"end":{"line":78,"column":2284}},"8":{"start":{"line":79,"column":12},"end":{"line":79,"column":23}},"9":{"start":{"line":81,"column":8},"end":{"line":81,"column":20}},"10":{"start":{"line":86,"column":8},"end":{"line":86,"column":2569}},"11":{"start":{"line":87,"column":12},"end":{"line":87,"column":2638}},"12":{"start":{"line":88,"column":16},"end":{"line":88,"column":27}},"13":{"start":{"line":91,"column":8},"end":{"line":91,"column":20}},"14":{"start":{"line":96,"column":8},"end":{"line":96,"column":2975}},"15":{"start":{"line":97,"column":12},"end":{"line":97,"column":3044}},"16":{"start":{"line":98,"column":16},"end":{"line":98,"column":27}},"17":{"start":{"line":101,"column":8},"end":{"line":101,"column":20}},"18":{"start":{"line":106,"column":8},"end":{"line":106,"column":3393}},"19":{"start":{"line":107,"column":12},"end":{"line":107,"column":3462}},"20":{"start":{"line":115,"column":8},"end":{"line":115,"column":3771}},"21":{"start":{"line":121,"column":8},"end":{"line":121,"column":80}},"22":{"start":{"line":125,"column":8},"end":{"line":125,"column":4153}},"23":{"start":{"line":126,"column":12},"end":{"line":126,"column":25}},"24":{"start":{"line":128,"column":8},"end":{"line":128,"column":4223}},"25":{"start":{"line":135,"column":8},"end":{"line":135,"column":21}},"26":{"start":{"line":140,"column":8},"end":{"line":140,"column":4909}},"27":{"start":{"line":141,"column":12},"end":{"line":141,"column":5020}},"28":{"start":{"line":142,"column":16},"end":{"line":142,"column":45}},"29":{"start":{"line":143,"column":16},"end":{"line":143,"column":42}},"30":{"start":{"line":144,"column":16},"end":{"line":144,"column":5179}},"31":{"start":{"line":149,"column":16},"end":{"line":149,"column":60}},"32":{"start":{"line":151,"column":16},"end":{"line":151,"column":88}},"33":{"start":{"line":154,"column":12},"end":{"line":154,"column":42}},"34":{"start":{"line":160,"column":8},"end":{"line":160,"column":5775}},"35":{"start":{"line":161,"column":12},"end":{"line":161,"column":5887}},"36":{"start":{"line":162,"column":16},"end":{"line":162,"column":46}},"37":{"start":{"line":163,"column":16},"end":{"line":163,"column":5997}},"38":{"start":{"line":164,"column":20},"end":{"line":164,"column":6067}},"39":{"start":{"line":166,"column":24},"end":{"line":166,"column":70}},"40":{"start":{"line":170,"column":16},"end":{"line":170,"column":88}},"41":{"start":{"line":173,"column":12},"end":{"line":173,"column":43}},"42":{"start":{"line":179,"column":8},"end":{"line":179,"column":6585}},"43":{"start":{"line":180,"column":12},"end":{"line":180,"column":23}},"44":{"start":{"line":182,"column":8},"end":{"line":182,"column":6684}},"45":{"start":{"line":183,"column":12},"end":{"line":183,"column":6746}},"46":{"start":{"line":184,"column":16},"end":{"line":184,"column":27}},"47":{"start":{"line":187,"column":8},"end":{"line":187,"column":20}},"48":{"start":{"line":194,"column":8},"end":{"line":194,"column":7122}},"49":{"start":{"line":195,"column":12},"end":{"line":195,"column":23}},"50":{"start":{"line":198,"column":8},"end":{"line":198,"column":7222}},"51":{"start":{"line":199,"column":12},"end":{"line":199,"column":7287}},"52":{"start":{"line":200,"column":16},"end":{"line":200,"column":49}},"53":{"start":{"line":204,"column":8},"end":{"line":204,"column":20}},"54":{"start":{"line":209,"column":8},"end":{"line":209,"column":121}},"55":{"start":{"line":210,"column":8},"end":{"line":210,"column":7784}},"56":{"start":{"line":211,"column":12},"end":{"line":211,"column":7849}},"57":{"start":{"line":212,"column":16},"end":{"line":212,"column":56}},"58":{"start":{"line":215,"column":8},"end":{"line":215,"column":7981}},"59":{"start":{"line":220,"column":8},"end":{"line":220,"column":61}},"60":{"start":{"line":221,"column":8},"end":{"line":221,"column":19}},"61":{"start":{"line":226,"column":8},"end":{"line":226,"column":8412}},"62":{"start":{"line":230,"column":8},"end":{"line":230,"column":30}},"63":{"start":{"line":231,"column":8},"end":{"line":231,"column":8611}},"64":{"start":{"line":232,"column":12},"end":{"line":232,"column":8676}},"65":{"start":{"line":237,"column":8},"end":{"line":237,"column":8834}},"66":{"start":{"line":238,"column":12},"end":{"line":238,"column":24}},"67":{"start":{"line":240,"column":8},"end":{"line":240,"column":67}},"68":{"start":{"line":241,"column":8},"end":{"line":241,"column":19}},"69":{"start":{"line":246,"column":8},"end":{"line":246,"column":28}},"70":{"start":{"line":247,"column":8},"end":{"line":247,"column":32}},"71":{"start":{"line":248,"column":8},"end":{"line":248,"column":9177}},"72":{"start":{"line":249,"column":12},"end":{"line":249,"column":46}},"73":{"start":{"line":250,"column":12},"end":{"line":250,"column":9284}},"74":{"start":{"line":251,"column":16},"end":{"line":251,"column":9355}},"75":{"start":{"line":260,"column":8},"end":{"line":260,"column":52}}},"branchMap":{"1":{"line":67,"type":"if","locations":[{"start":{"line":67,"column":8},"end":{"line":67,"column":8}},{"start":{"line":67,"column":8},"end":{"line":67,"column":8}}]},"2":{"line":73,"type":"if","locations":[{"start":{"line":73,"column":8},"end":{"line":73,"column":8}},{"start":{"line":73,"column":8},"end":{"line":73,"column":8}}]},"3":{"line":73,"type":"cond-expr","locations":[{"start":{"line":73,"column":16},"end":{"line":73,"column":37}},{"start":{"line":73,"column":42},"end":{"line":73,"column":64}}]},"4":{"line":78,"type":"if","locations":[{"start":{"line":78,"column":8},"end":{"line":78,"column":8}},{"start":{"line":78,"column":8},"end":{"line":78,"column":8}}]},"5":{"line":78,"type":"cond-expr","locations":[{"start":{"line":78,"column":11},"end":{"line":78,"column":32}},{"start":{"line":78,"column":37},"end":{"line":78,"column":59}}]},"6":{"line":87,"type":"if","locations":[{"start":{"line":87,"column":12},"end":{"line":87,"column":12}},{"start":{"line":87,"column":12},"end":{"line":87,"column":12}}]},"7":{"line":95,"type":"if","locations":[{"start":{"line":95,"column":77},"end":{"line":95,"column":77}},{"start":{"line":95,"column":77},"end":{"line":95,"column":77}}]},"8":{"line":97,"type":"if","locations":[{"start":{"line":97,"column":12},"end":{"line":97,"column":12}},{"start":{"line":97,"column":12},"end":{"line":97,"column":12}}]},"9":{"line":105,"type":"if","locations":[{"start":{"line":105,"column":69},"end":{"line":105,"column":69}},{"start":{"line":105,"column":69},"end":{"line":105,"column":69}}]},"10":{"line":107,"type":"if","locations":[{"start":{"line":107,"column":12},"end":{"line":107,"column":12}},{"start":{"line":107,"column":12},"end":{"line":107,"column":12}}]},"11":{"line":114,"type":"if","locations":[{"start":{"line":114,"column":70},"end":{"line":114,"column":70}},{"start":{"line":114,"column":70},"end":{"line":114,"column":70}}]},"12":{"line":125,"type":"if","locations":[{"start":{"line":125,"column":8},"end":{"line":125,"column":8}},{"start":{"line":125,"column":8},"end":{"line":125,"column":8}}]},"13":{"line":139,"type":"if","locations":[{"start":{"line":139,"column":49},"end":{"line":139,"column":49}},{"start":{"line":139,"column":49},"end":{"line":139,"column":49}}]},"14":{"line":140,"type":"if","locations":[{"start":{"line":140,"column":8},"end":{"line":140,"column":8}},{"start":{"line":140,"column":8},"end":{"line":140,"column":8}}]},"15":{"line":141,"type":"if","locations":[{"start":{"line":141,"column":12},"end":{"line":141,"column":12}},{"start":{"line":141,"column":12},"end":{"line":141,"column":12}}]},"16":{"line":159,"type":"if","locations":[{"start":{"line":159,"column":52},"end":{"line":159,"column":52}},{"start":{"line":159,"column":52},"end":{"line":159,"column":52}}]},"17":{"line":160,"type":"if","locations":[{"start":{"line":160,"column":8},"end":{"line":160,"column":8}},{"start":{"line":160,"column":8},"end":{"line":160,"column":8}}]},"18":{"line":161,"type":"if","locations":[{"start":{"line":161,"column":12},"end":{"line":161,"column":12}},{"start":{"line":161,"column":12},"end":{"line":161,"column":12}}]},"19":{"line":164,"type":"if","locations":[{"start":{"line":164,"column":20},"end":{"line":164,"column":20}},{"start":{"line":164,"column":20},"end":{"line":164,"column":20}}]},"20":{"line":179,"type":"if","locations":[{"start":{"line":179,"column":8},"end":{"line":179,"column":8}},{"start":{"line":179,"column":8},"end":{"line":179,"column":8}}]},"21":{"line":179,"type":"cond-expr","locations":[{"start":{"line":179,"column":11},"end":{"line":179,"column":32}},{"start":{"line":179,"column":37},"end":{"line":179,"column":59}}]},"22":{"line":183,"type":"if","locations":[{"start":{"line":183,"column":12},"end":{"line":183,"column":12}},{"start":{"line":183,"column":12},"end":{"line":183,"column":12}}]},"23":{"line":192,"type":"if","locations":[{"start":{"line":192,"column":62},"end":{"line":192,"column":62}},{"start":{"line":192,"column":62},"end":{"line":192,"column":62}}]},"24":{"line":194,"type":"if","locations":[{"start":{"line":194,"column":8},"end":{"line":194,"column":8}},{"start":{"line":194,"column":8},"end":{"line":194,"column":8}}]},"25":{"line":194,"type":"cond-expr","locations":[{"start":{"line":194,"column":11},"end":{"line":194,"column":32}},{"start":{"line":194,"column":37},"end":{"line":194,"column":59}}]},"26":{"line":199,"type":"if","locations":[{"start":{"line":199,"column":12},"end":{"line":199,"column":12}},{"start":{"line":199,"column":12},"end":{"line":199,"column":12}}]},"27":{"line":209,"type":"if","locations":[{"start":{"line":209,"column":8},"end":{"line":209,"column":8}},{"start":{"line":209,"column":8},"end":{"line":209,"column":8}}]},"28":{"line":211,"type":"if","locations":[{"start":{"line":211,"column":12},"end":{"line":211,"column":12}},{"start":{"line":211,"column":12},"end":{"line":211,"column":12}}]},"29":{"line":226,"type":"if","locations":[{"start":{"line":226,"column":8},"end":{"line":226,"column":8}},{"start":{"line":226,"column":8},"end":{"line":226,"column":8}}]},"30":{"line":232,"type":"if","locations":[{"start":{"line":232,"column":12},"end":{"line":232,"column":12}},{"start":{"line":232,"column":12},"end":{"line":232,"column":12}}]},"31":{"line":237,"type":"if","locations":[{"start":{"line":237,"column":8},"end":{"line":237,"column":8}},{"start":{"line":237,"column":8},"end":{"line":237,"column":8}}]},"32":{"line":251,"type":"if","locations":[{"start":{"line":251,"column":16},"end":{"line":251,"column":16}},{"start":{"line":251,"column":16},"end":{"line":251,"column":16}}]}}},"contracts/utils/strings.sol":{"l":{"11":2,"12":0,"14":2,"15":2,"16":2,"17":2,"18":2,"20":2,"21":2,"22":2,"23":2,"24":2,"25":2,"27":2,"31":1360,"39":34,"40":34,"41":680,"42":680,"43":680,"44":680,"45":680,"48":34},"path":"/var/www/workout-token/contracts/utils/strings.sol","s":{"1":2,"2":0,"3":2,"4":2,"5":2,"6":2,"7":2,"8":2,"9":1360,"10":956,"11":404,"12":34,"13":34,"14":680,"15":680,"16":680,"17":34},"b":{"1":[0,2],"2":[956,404]},"f":{"1":2,"2":1360,"3":34},"fnMap":{"1":{"name":"uint2str","line":10,"loc":{"start":{"line":10,"column":4},"end":{"line":28,"column":4}}},"2":{"name":"char","line":30,"loc":{"start":{"line":30,"column":4},"end":{"line":33,"column":4}}},"3":{"name":"toAsciiString","line":38,"loc":{"start":{"line":38,"column":4},"end":{"line":49,"column":4}}}},"statementMap":{"1":{"start":{"line":11,"column":8},"end":{"line":11,"column":251}},"2":{"start":{"line":12,"column":12},"end":{"line":12,"column":22}},"3":{"start":{"line":14,"column":8},"end":{"line":14,"column":22}},"4":{"start":{"line":15,"column":8},"end":{"line":15,"column":22}},"5":{"start":{"line":16,"column":8},"end":{"line":16,"column":356}},"6":{"start":{"line":20,"column":8},"end":{"line":20,"column":45}},"7":{"start":{"line":21,"column":8},"end":{"line":21,"column":26}},"8":{"start":{"line":23,"column":8},"end":{"line":23,"column":525}},"9":{"start":{"line":31,"column":9},"end":{"line":31,"column":767}},"10":{"start":{"line":31,"column":28},"end":{"line":31,"column":58}},"11":{"start":{"line":32,"column":13},"end":{"line":32,"column":43}},"12":{"start":{"line":39,"column":4},"end":{"line":39,"column":34}},"13":{"start":{"line":40,"column":4},"end":{"line":40,"column":1010}},"14":{"start":{"line":41,"column":8},"end":{"line":41,"column":70}},"15":{"start":{"line":42,"column":8},"end":{"line":42,"column":41}},"16":{"start":{"line":43,"column":8},"end":{"line":43,"column":53}},"17":{"start":{"line":48,"column":4},"end":{"line":48,"column":43}}},"branchMap":{"1":{"line":11,"type":"if","locations":[{"start":{"line":11,"column":8},"end":{"line":11,"column":8}},{"start":{"line":11,"column":8},"end":{"line":11,"column":8}}]},"2":{"line":31,"type":"if","locations":[{"start":{"line":31,"column":9},"end":{"line":31,"column":9}},{"start":{"line":31,"column":9},"end":{"line":31,"column":9}}]}}}}